Settings:
  Output files: "/home/TANALYSIS/25_length_kmers_0_to_299/tophat_and_cufflinks_out/library_66/tophat_out/tmp/segment_juncs.*.bt2"
  Line rate: 6 (line is 64 bytes)
  Lines per side: 1 (side is 64 bytes)
  Offset rate: 4 (one in 16)
  FTable chars: 10
  Strings: unpacked
  Max bucket size: default
  Max bucket size, sqrt multiplier: default
  Max bucket size, len divisor: 4
  Difference-cover sample period: 1024
  Endianness: little
  Actual local endianness: little
  Sanity checking: disabled
  Assertions: disabled
  Random seed: 0
  Sizeofs: void*:8, int:4, long:8, size_t:8
Input files DNA, FASTA:
  /home/TANALYSIS/25_length_kmers_0_to_299/tophat_and_cufflinks_out/library_66/tophat_out/tmp/segment_juncs.fa
Reading reference sizes
  Time reading reference sizes: 00:00:00
Calculating joined length
Writing header
Reserving space for joined string
Joining reference sequences
  Time to join reference sequences: 00:00:00
bmax according to bmaxDivN setting: 2283530
Using parameters --bmax 1712648 --dcv 1024
  Doing ahead-of-time memory usage test
  Passed!  Constructing with these parameters: --bmax 1712648 --dcv 1024
Constructing suffix-array element generator
Building DifferenceCoverSample
  Building sPrime
  Building sPrimeOrder
  V-Sorting samples
  V-Sorting samples time: 00:00:00
  Allocating rank array
  Ranking v-sort output
  Ranking v-sort output time: 00:00:00
  Invoking Larsson-Sadakane on ranks
  Invoking Larsson-Sadakane on ranks time: 00:00:00
  Sanity-checking and returning
Building samples
Reserving space for 12 sample suffixes
Generating random suffixes
QSorting 12 sample offsets, eliminating duplicates
QSorting sample offsets, eliminating duplicates time: 00:00:00
Multikey QSorting 12 samples
  (Using difference cover)
  Multikey QSorting samples time: 00:00:00
Calculating bucket sizes
  Binary sorting into buckets
  10%
  20%
  30%
  40%
  50%
  60%
  70%
  80%
  90%
  100%
  Binary sorting into buckets time: 00:00:00
Splitting and merging
  Splitting and merging time: 00:00:00
Avg bucket size: 1.30487e+06 (target: 1712647)
Converting suffix-array elements to index image
Allocating ftab, absorbFtab
Entering Ebwt loop
Getting block 1 of 7
  Reserving size (1712648) for bucket
  Calculating Z arrays
  Calculating Z arrays time: 00:00:00
  Entering block accumulator loop:
  10%
  20%
  30%
  40%
  50%
  60%
  70%
  80%
  90%
  100%
  Block accumulator loop time: 00:00:00
  Sorting block of length 582222
  (Using difference cover)
  Sorting block time: 00:00:01
Returning block of 582223
Getting block 2 of 7
  Reserving size (1712648) for bucket
  Calculating Z arrays
  Calculating Z arrays time: 00:00:00
  Entering block accumulator loop:
  10%
  20%
  30%
  40%
  50%
  60%
  70%
  80%
  90%
  100%
  Block accumulator loop time: 00:00:00
  Sorting block of length 1153222
  (Using difference cover)
  Sorting block time: 00:00:00
Returning block of 1153223
Getting block 3 of 7
  Reserving size (1712648) for bucket
  Calculating Z arrays
  Calculating Z arrays time: 00:00:00
  Entering block accumulator loop:
  10%
  20%
  30%
  40%
  50%
  60%
  70%
  80%
  90%
  100%
  Block accumulator loop time: 00:00:00
  Sorting block of length 1451692
  (Using difference cover)
  Sorting block time: 00:00:01
Returning block of 1451693
Getting block 4 of 7
  Reserving size (1712648) for bucket
  Calculating Z arrays
  Calculating Z arrays time: 00:00:00
  Entering block accumulator loop:
  10%
  20%
  30%
  40%
  50%
  60%
  70%
  80%
  90%
  100%
  Block accumulator loop time: 00:00:00
  Sorting block of length 1693532
  (Using difference cover)
  Sorting block time: 00:00:00
Returning block of 1693533
Getting block 5 of 7
  Reserving size (1712648) for bucket
  Calculating Z arrays
  Calculating Z arrays time: 00:00:00
  Entering block accumulator loop:
  10%
  20%
  30%
  40%
  50%
  60%
  70%
  80%
  90%
  100%
  Block accumulator loop time: 00:00:01
  Sorting block of length 1531713
  (Using difference cover)
  Sorting block time: 00:00:00
Returning block of 1531714
Getting block 6 of 7
  Reserving size (1712648) for bucket
  Calculating Z arrays
  Calculating Z arrays time: 00:00:00
  Entering block accumulator loop:
  10%
  20%
  30%
  40%
  50%
  60%
  70%
  80%
  90%
  100%
  Block accumulator loop time: 00:00:00
  Sorting block of length 1225358
  (Using difference cover)
  Sorting block time: 00:00:00
Returning block of 1225359
Getting block 7 of 7
  Reserving size (1712648) for bucket
  Calculating Z arrays
  Calculating Z arrays time: 00:00:00
  Entering block accumulator loop:
  10%
  20%
  30%
  40%
  50%
  60%
  70%
  80%
  90%
  100%
  Block accumulator loop time: 00:00:00
  Sorting block of length 1496375
  (Using difference cover)
  Sorting block time: 00:00:00
Returning block of 1496376
Exited Ebwt loop
fchr[A]: 0
fchr[C]: 2320059
fchr[G]: 4563782
fchr[T]: 6808144
fchr[$]: 9134120
Exiting Ebwt::buildToDisk()
Returning from initFromVector
Wrote 19115506 bytes to primary EBWT file: /home/TANALYSIS/25_length_kmers_0_to_299/tophat_and_cufflinks_out/library_66/tophat_out/tmp/segment_juncs.1.bt2
Wrote 2283536 bytes to secondary EBWT file: /home/TANALYSIS/25_length_kmers_0_to_299/tophat_and_cufflinks_out/library_66/tophat_out/tmp/segment_juncs.2.bt2
Re-opening _in1 and _in2 as input streams
Returning from Ebwt constructor
Headers:
    len: 9134120
    bwtLen: 9134121
    sz: 2283530
    bwtSz: 2283531
    lineRate: 6
    offRate: 4
    offMask: 0xfffffff0
    ftabChars: 10
    eftabLen: 20
    eftabSz: 80
    ftabLen: 1048577
    ftabSz: 4194308
    offsLen: 570883
    offsSz: 2283532
    lineSz: 64
    sideSz: 64
    sideBwtSz: 48
    sideBwtLen: 192
    numSides: 47574
    numLines: 47574
    ebwtTotLen: 3044736
    ebwtTotSz: 3044736
    color: 0
    reverse: 0
Total time for call to driver() for forward index: 00:00:08
Reading reference sizes
  Time reading reference sizes: 00:00:00
Calculating joined length
Writing header
Reserving space for joined string
Joining reference sequences
  Time to join reference sequences: 00:00:01
  Time to reverse reference sequence: 00:00:00
bmax according to bmaxDivN setting: 2283530
Using parameters --bmax 1712648 --dcv 1024
  Doing ahead-of-time memory usage test
  Passed!  Constructing with these parameters: --bmax 1712648 --dcv 1024
Constructing suffix-array element generator
Building DifferenceCoverSample
  Building sPrime
  Building sPrimeOrder
  V-Sorting samples
  V-Sorting samples time: 00:00:00
  Allocating rank array
  Ranking v-sort output
  Ranking v-sort output time: 00:00:00
  Invoking Larsson-Sadakane on ranks
  Invoking Larsson-Sadakane on ranks time: 00:00:00
  Sanity-checking and returning
Building samples
Reserving space for 12 sample suffixes
Generating random suffixes
QSorting 12 sample offsets, eliminating duplicates
QSorting sample offsets, eliminating duplicates time: 00:00:00
Multikey QSorting 12 samples
  (Using difference cover)
  Multikey QSorting samples time: 00:00:00
Calculating bucket sizes
  Binary sorting into buckets
  10%
  20%
  30%
  40%
  50%
  60%
  70%
  80%
  90%
  100%
  Binary sorting into buckets time: 00:00:01
Splitting and merging
  Splitting and merging time: 00:00:00
Split 2, merged 6; iterating...
  Binary sorting into buckets
  10%
  20%
  30%
  40%
  50%
  60%
  70%
  80%
  90%
  100%
  Binary sorting into buckets time: 00:00:00
Splitting and merging
  Splitting and merging time: 00:00:00
Avg bucket size: 1.30487e+06 (target: 1712647)
Converting suffix-array elements to index image
Allocating ftab, absorbFtab
Entering Ebwt loop
Getting block 1 of 7
  Reserving size (1712648) for bucket
  Calculating Z arrays
  Calculating Z arrays time: 00:00:00
  Entering block accumulator loop:
  10%
  20%
  30%
  40%
  50%
  60%
  70%
  80%
  90%
  100%
  Block accumulator loop time: 00:00:00
  Sorting block of length 1121474
  (Using difference cover)
  Sorting block time: 00:00:00
Returning block of 1121475
Getting block 2 of 7
  Reserving size (1712648) for bucket
  Calculating Z arrays
  Calculating Z arrays time: 00:00:00
  Entering block accumulator loop:
  10%
  20%
  30%
  40%
  50%
  60%
  70%
  80%
  90%
  100%
  Block accumulator loop time: 00:00:00
  Sorting block of length 1631029
  (Using difference cover)
  Sorting block time: 00:00:00
Returning block of 1631030
Getting block 3 of 7
  Reserving size (1712648) for bucket
  Calculating Z arrays
  Calculating Z arrays time: 00:00:00
  Entering block accumulator loop:
  10%
  20%
  30%
  40%
  50%
  60%
  70%
  80%
  90%
  100%
  Block accumulator loop time: 00:00:00
  Sorting block of length 1148845
  (Using difference cover)
  Sorting block time: 00:00:01
Returning block of 1148846
Getting block 4 of 7
  Reserving size (1712648) for bucket
  Calculating Z arrays
  Calculating Z arrays time: 00:00:00
  Entering block accumulator loop:
  10%
  20%
  30%
  40%
  50%
  60%
  70%
  80%
  90%
  100%
  Block accumulator loop time: 00:00:00
  Sorting block of length 1382437
  (Using difference cover)
  Sorting block time: 00:00:00
Returning block of 1382438
Getting block 5 of 7
  Reserving size (1712648) for bucket
  Calculating Z arrays
  Calculating Z arrays time: 00:00:00
  Entering block accumulator loop:
  10%
  20%
  30%
  40%
  50%
  60%
  70%
  80%
  90%
  100%
  Block accumulator loop time: 00:00:00
  Sorting block of length 761219
  (Using difference cover)
  Sorting block time: 00:00:01
Returning block of 761220
Getting block 6 of 7
  Reserving size (1712648) for bucket
  Calculating Z arrays
  Calculating Z arrays time: 00:00:00
  Entering block accumulator loop:
  10%
  20%
  30%
  40%
  50%
  60%
  70%
  80%
  90%
  100%
  Block accumulator loop time: 00:00:00
  Sorting block of length 1558773
  (Using difference cover)
  Sorting block time: 00:00:00
Returning block of 1558774
Getting block 7 of 7
  Reserving size (1712648) for bucket
  Calculating Z arrays
  Calculating Z arrays time: 00:00:00
  Entering block accumulator loop:
  10%
  20%
  30%
  40%
  50%
  60%
  70%
  80%
  90%
  100%
  Block accumulator loop time: 00:00:00
  Sorting block of length 1530337
  (Using difference cover)
  Sorting block time: 00:00:01
Returning block of 1530338
Exited Ebwt loop
fchr[A]: 0
fchr[C]: 2320059
fchr[G]: 4563782
fchr[T]: 6808144
fchr[$]: 9134120
Exiting Ebwt::buildToDisk()
Returning from initFromVector
Wrote 19115506 bytes to primary EBWT file: /home/TANALYSIS/25_length_kmers_0_to_299/tophat_and_cufflinks_out/library_66/tophat_out/tmp/segment_juncs.rev.1.bt2
Wrote 2283536 bytes to secondary EBWT file: /home/TANALYSIS/25_length_kmers_0_to_299/tophat_and_cufflinks_out/library_66/tophat_out/tmp/segment_juncs.rev.2.bt2
Re-opening _in1 and _in2 as input streams
Returning from Ebwt constructor
Headers:
    len: 9134120
    bwtLen: 9134121
    sz: 2283530
    bwtSz: 2283531
    lineRate: 6
    offRate: 4
    offMask: 0xfffffff0
    ftabChars: 10
    eftabLen: 20
    eftabSz: 80
    ftabLen: 1048577
    ftabSz: 4194308
    offsLen: 570883
    offsSz: 2283532
    lineSz: 64
    sideSz: 64
    sideBwtSz: 48
    sideBwtLen: 192
    numSides: 47574
    numLines: 47574
    ebwtTotLen: 3044736
    ebwtTotSz: 3044736
    color: 0
    reverse: 1
Total time for backward call to driver() for mirror index: 00:00:09
