
[2013-11-06 13:06:31] Beginning TopHat run (v2.0.9)
-----------------------------------------------
[2013-11-06 13:06:31] Checking for Bowtie
		  Bowtie version:	 2.1.0.0
[2013-11-06 13:06:31] Checking for Samtools
		Samtools version:	 0.1.19.0
[2013-11-06 13:06:31] Checking for Bowtie index files (transcriptome)..
[2013-11-06 13:06:31] Checking for Bowtie index files (genome)..
[2013-11-06 13:06:31] Checking for reference FASTA file
[2013-11-06 13:06:31] Generating SAM header for /home/allenhub/INDEX/Galgal4_genome
	format:		 fastq
	quality scale:	 phred33 (default)
[2013-11-06 13:06:33] Reading known junctions from GTF file
[2013-11-06 13:06:46] Preparing reads
	 left reads: min. length=50, max. length=50, 1605 kept reads (0 discarded)
[2013-11-06 13:06:46] Using pre-built transcriptome data..
[2013-11-06 13:08:34] Mapping left_kept_reads to transcriptome tidx_out with Bowtie2 
[2013-11-06 13:10:27] Resuming TopHat pipeline with unmapped reads
[2013-11-06 13:10:27] Mapping left_kept_reads.m2g_um to genome Galgal4_genome with Bowtie2 
[2013-11-06 13:10:31] Mapping left_kept_reads.m2g_um_seg1 to genome Galgal4_genome with Bowtie2 (1/2)
[2013-11-06 13:10:35] Mapping left_kept_reads.m2g_um_seg2 to genome Galgal4_genome with Bowtie2 (2/2)
[2013-11-06 13:10:43] Searching for junctions via segment mapping
[2013-11-06 13:11:43] Retrieving sequences for splices
[2013-11-06 13:12:46] Indexing splices
[2013-11-06 13:15:14] Mapping left_kept_reads.m2g_um_seg1 to genome segment_juncs with Bowtie2 (1/2)
[2013-11-06 13:17:24] Mapping left_kept_reads.m2g_um_seg2 to genome segment_juncs with Bowtie2 (2/2)
[2013-11-06 13:19:32] Joining segment hits
[2013-11-06 13:20:19] Reporting output tracks
-----------------------------------------------
[2013-11-06 13:21:06] A summary of the alignment counts can be found in /home/TANALYSIS/25_length_kmers_0_to_299/tophat_and_cufflinks_out/library_66/tophat_out/align_summary.txt
[2013-11-06 13:21:06] Run complete: 00:14:35 elapsed
